[INFO] Scanning for projects...
Downloading from central: https://repo.maven.apache.org/maven2/org/springframework/boot/maven-metadata.xml
Downloading from central: https://repo.maven.apache.org/maven2/org/apache/maven/plugins/maven-metadata.xml
Downloading from central: https://repo.maven.apache.org/maven2/com/diffplug/spotless/maven-metadata.xml
Downloading from central: https://repo.maven.apache.org/maven2/com/github/spotbugs/maven-metadata.xml
Progress (1): 240 BProgress (2): 240 B | 249 B                           Downloaded from central: https://repo.maven.apache.org/maven2/org/springframework/boot/maven-metadata.xml (249 B at 889 B/s)
Downloaded from central: https://repo.maven.apache.org/maven2/com/github/spotbugs/maven-metadata.xml (240 B at 857 B/s)
Downloading from central: https://repo.maven.apache.org/maven2/org/codehaus/mojo/maven-metadata.xml
Progress (1): 4.6 kBProgress (1): 10 kB Progress (1): 14 kB                   Downloaded from central: https://repo.maven.apache.org/maven2/org/apache/maven/plugins/maven-metadata.xml (14 kB at 49 kB/s)
Progress (1): 3.1 kBProgress (1): 8.0 kBProgress (1): 8.0 kBProgress (1): 13 kB Progress (1): 17 kBProgress (1): 20 kBProgress (1): 21 kB                   Downloaded from central: https://repo.maven.apache.org/maven2/org/codehaus/mojo/maven-metadata.xml (21 kB at 317 kB/s)
[INFO] 
[INFO] ---------------------< de.htwsaar.minicdn:router >----------------------
[INFO] Building mini-cdn-router 1.0-SNAPSHOT
[INFO]   from pom.xml
[INFO] --------------------------------[ jar ]---------------------------------
[INFO] 
[INFO] >>> spring-boot:3.2.5:run (default-cli) > test-compile @ router >>>
[INFO] 
[INFO] --- resources:3.3.1:resources (default-resources) @ router ---
[INFO] Copying 3 resources from src/main/resources to target/classes
[INFO] 
[INFO] --- compiler:3.14.1:compile (default-compile) @ router ---
[INFO] Recompiling the module because of changed source code.
[INFO] Compiling 23 source files with javac [forked debug parameters target 21] to target/classes
[INFO] -------------------------------------------------------------
[ERROR] COMPILATION ERROR : 
[INFO] -------------------------------------------------------------
[ERROR] /Users/sophiasarkhovska/htwSaar/5. Semester /Verteilte Systeme/Projektarbeit/gruppe-08-mini-cdn/router/src/main/java/de/htwsaar/minicdn/router/RouterApp.java:[3,37] Fehler: Package de.htwsaar.minicdn.common.auth ist nicht vorhanden
[ERROR] /Users/sophiasarkhovska/htwSaar/5. Semester /Verteilte Systeme/Projektarbeit/gruppe-08-mini-cdn/router/src/main/java/de/htwsaar/minicdn/router/RouterApp.java:[15,30] Fehler: Symbol nicht gefunden
  Symbol: Klasse SecurityConfig
[INFO] 2 errors 
[INFO] -------------------------------------------------------------
[INFO] ------------------------------------------------------------------------
[INFO] BUILD FAILURE
[INFO] ------------------------------------------------------------------------
[INFO] Total time:  1.784 s
[INFO] Finished at: 2026-02-22T13:50:25+01:00
[INFO] ------------------------------------------------------------------------
[ERROR] Failed to execute goal org.apache.maven.plugins:maven-compiler-plugin:3.14.1:compile (default-compile) on project router: Compilation failure: Compilation failure: 
[ERROR] /Users/sophiasarkhovska/htwSaar/5. Semester /Verteilte Systeme/Projektarbeit/gruppe-08-mini-cdn/router/src/main/java/de/htwsaar/minicdn/router/RouterApp.java:[3,37] Fehler: Package de.htwsaar.minicdn.common.auth ist nicht vorhanden
[ERROR] /Users/sophiasarkhovska/htwSaar/5. Semester /Verteilte Systeme/Projektarbeit/gruppe-08-mini-cdn/router/src/main/java/de/htwsaar/minicdn/router/RouterApp.java:[15,30] Fehler: Symbol nicht gefunden
[ERROR]   Symbol: Klasse SecurityConfig
[ERROR] -> [Help 1]
[ERROR] 
[ERROR] To see the full stack trace of the errors, re-run Maven with the -e switch.
[ERROR] Re-run Maven using the -X switch to enable full debug logging.
[ERROR] 
[ERROR] For more information about the errors and possible solutions, please read the following articles:
[ERROR] [Help 1] http://cwiki.apache.org/confluence/display/MAVEN/MojoFailureException
